<?xml version="1.0" encoding="UTF-8"?>
<!-- Generated by org.testng.reporters.JUnitXMLReporter -->
<testsuite ignored="1" hostname="EQPL0210P13" failures="0" tests="3" name="Default test" time="0.236" errors="0" timestamp="2026-04-14T20:09:32 IST">
  <testcase classname="testng.Day3" name="MobileLoginCarLoan" time="0.016"/>
  <testcase classname="testng.Day3" name="loginAPICarLoan" time="0.006"/>
  <testcase classname="testng.Day3" name="webLoginCarLoan" time="0.003"/>
  <testcase classname="testng.Day3" name="tvLoginCarLoan" time="0.0">
    <ignored/>
  </testcase> <!-- tvLoginCarLoan -->
</testsuite> <!-- Default test -->
