<?xml version="1.0" encoding="UTF-8"?>
<!-- Generated by org.testng.reporters.JUnitXMLReporter -->
<testsuite ignored="3" hostname="EQPL0210P13" failures="0" tests="1" name="Default test" time="0.141" errors="0" timestamp="2026-04-14T22:03:19 IST">
  <testcase classname="testng.Day3" name="MobileLoginCarLoan" time="0.011"/>
  <testcase classname="testng.Day3" name="webLoginCarLoan" time="0.0">
    <ignored/>
  </testcase> <!-- webLoginCarLoan -->
  <testcase classname="testng.Day3" name="loginAPICarLoan" time="0.0">
    <ignored/>
  </testcase> <!-- loginAPICarLoan -->
  <testcase classname="testng.Day3" name="tvLoginCarLoan" time="0.0">
    <ignored/>
  </testcase> <!-- tvLoginCarLoan -->
</testsuite> <!-- Default test -->
