<?xml version="1.0" encoding="UTF-8"?>
<!-- Generated by org.testng.reporters.JUnitXMLReporter -->
<testsuite ignored="1" hostname="EQPL0210P13" failures="0" tests="2" name="Car Loan" time="0.023" errors="0" timestamp="2026-04-13T18:16:54 IST">
  <testcase classname="testng.Day3" name="loginAPICarLoan" time="0.004"/>
  <testcase classname="testng.Day3" name="webLoginCarLoan" time="0.005"/>
  <testcase classname="testng.Day3" name="MobileLoginCarLoan" time="0.0">
    <ignored/>
  </testcase> <!-- MobileLoginCarLoan -->
</testsuite> <!-- Car Loan -->
