<?xml version="1.0" encoding="UTF-8"?>
<!-- Generated by org.testng.reporters.JUnitXMLReporter -->
<testsuite ignored="3" hostname="EQPL0210P13" failures="0" tests="1" name="Car Loan" time="0.248" errors="0" timestamp="2026-04-14T22:48:28 IST">
  <testcase classname="testng.Day3" name="MobileLoginCarLoan" time="0.004"/>
  <testcase classname="testng.Day3" name="tvLoginCarLoan" time="0.0">
    <ignored/>
  </testcase> <!-- tvLoginCarLoan -->
  <testcase classname="testng.Day3" name="loginAPICarLoan" time="0.0">
    <ignored/>
  </testcase> <!-- loginAPICarLoan -->
  <testcase classname="testng.Day3" name="webLoginCarLoan" time="0.0">
    <ignored/>
  </testcase> <!-- webLoginCarLoan -->
</testsuite> <!-- Car Loan -->
