<?xml version="1.0" encoding="UTF-8"?>
<!-- Generated by org.testng.reporters.JUnitXMLReporter -->
<testsuite ignored="0" hostname="EQPL0210P13" failures="0" tests="6" name="Home Loan" time="0.05" errors="0" timestamp="2026-04-13T18:16:54 IST">
  <testcase classname="testng.Day5" name="MobileAndroidLoginCarLoan" time="0.003"/>
  <testcase classname="testng.Day5" name="MobileiOSLoginCarLoan" time="0.003"/>
  <testcase classname="testng.Day5" name="MobileloginAPICarLoan" time="0.003"/>
  <testcase classname="testng.Day2" name="MobileLoginPersonalLoan" time="0.003"/>
  <testcase classname="testng.Day2" name="loginAPIPersonalLoan" time="0.002"/>
  <testcase classname="testng.Day2" name="webLoginPersonalLoan" time="0.004"/>
</testsuite> <!-- Home Loan -->
