<?xml version="1.0" encoding="UTF-8"?>
<!-- Generated by org.testng.reporters.JUnitXMLReporter -->
<testsuite ignored="3" hostname="EQPL0210P13" failures="0" tests="3" name="Home Loan" time="0.031" errors="0" timestamp="2026-04-14T22:48:28 IST">
  <testcase classname="testng.Day2" name="MobileLoginPersonalLoan" time="0.005"/>
  <testcase classname="testng.Day2" name="loginAPIPersonalLoan" time="0.004"/>
  <testcase classname="testng.Day2" name="webLoginPersonalLoan" time="0.003"/>
  <testcase classname="testng.Day5" name="MobileloginAPICarLoan" time="0.0">
    <ignored/>
  </testcase> <!-- MobileloginAPICarLoan -->
  <testcase classname="testng.Day5" name="MobileiOSLoginCarLoan" time="0.0">
    <ignored/>
  </testcase> <!-- MobileiOSLoginCarLoan -->
  <testcase classname="testng.Day5" name="MobileAndroidLoginCarLoan" time="0.0">
    <ignored/>
  </testcase> <!-- MobileAndroidLoginCarLoan -->
</testsuite> <!-- Home Loan -->
