<?xml version="1.0" encoding="UTF-8"?>
<!-- Generated by org.testng.reporters.JUnitXMLReporter -->
<testsuite ignored="0" hostname="EQPL0210P13" failures="0" tests="3" name="Home loan" time="0.025" errors="0" timestamp="2026-04-13T17:50:13 IST">
  <testcase classname="testng.Day4" name="MobileLoginHomeLoan" time="0.002"/>
  <testcase classname="testng.Day4" name="loginAPIHomeLoan" time="0.003"/>
  <testcase classname="testng.Day4" name="webLoginHomeLoan" time="0.004"/>
</testsuite> <!-- Home loan -->
