<?xml version="1.0" encoding="UTF-8"?>
<!-- Generated by org.testng.reporters.JUnitXMLReporter -->
<testsuite ignored="0" hostname="EQPL0210P13" failures="0" tests="5" name="Personal Loan" time="0.335" errors="0" timestamp="2026-04-13T17:50:13 IST">
  <testcase classname="testng.Day1" name="demo" time="0.096"/>
  <testcase classname="testng.Day1" name="secondTestCase" time="0.004"/>
  <testcase classname="testng.Day2" name="MobileLoginPersonalLoan" time="0.004"/>
  <testcase classname="testng.Day2" name="loginAPIPersonalLoan" time="0.004"/>
  <testcase classname="testng.Day2" name="webLoginPersonalLoan" time="0.005"/>
</testsuite> <!-- Personal Loan -->
