<?xml version="1.0" encoding="UTF-8"?>
<!-- Generated by org.testng.reporters.JUnitXMLReporter -->
<testsuite ignored="0" hostname="EQPL0210P13" failures="0" tests="14" name="Personal Loan" time="0.234" errors="0" timestamp="2026-04-14T12:47:35 IST">
  <testcase classname="testng.Day1" name="demo" time="0.055"/>
  <testcase classname="testng.Day1" name="secondTestCase" time="0.004"/>
  <testcase classname="testng.Day2" name="MobileLoginPersonalLoan" time="0.002"/>
  <testcase classname="testng.Day2" name="loginAPIPersonalLoan" time="0.002"/>
  <testcase classname="testng.Day2" name="webLoginPersonalLoan" time="0.002"/>
  <testcase classname="testng.Day3" name="MobileLoginCarLoan" time="0.002"/>
  <testcase classname="testng.Day3" name="loginAPICarLoan" time="0.003"/>
  <testcase classname="testng.Day3" name="webLoginCarLoan" time="0.002"/>
  <testcase classname="testng.Day4" name="MobileLoginHomeLoan" time="0.002"/>
  <testcase classname="testng.Day4" name="loginAPIHomeLoan" time="0.001"/>
  <testcase classname="testng.Day4" name="webLoginHomeLoan" time="0.002"/>
  <testcase classname="testng.Day5" name="MobileAndroidLoginCarLoan" time="0.001"/>
  <testcase classname="testng.Day5" name="MobileiOSLoginCarLoan" time="0.001"/>
  <testcase classname="testng.Day5" name="MobileloginAPICarLoan" time="0.001"/>
</testsuite> <!-- Personal Loan -->
