<?xml version="1.0" encoding="UTF-8"?>
<!-- Generated by org.testng.reporters.JUnitXMLReporter -->
<testsuite ignored="8" hostname="EQPL0210P13" failures="0" tests="3" name="Regression" time="0.238" errors="0" timestamp="2026-04-14T15:21:55 IST">
  <testcase classname="testng.Day1" name="demo" time="0.065"/>
  <testcase classname="testng.Day2" name="loginAPIPersonalLoan" time="0.005"/>
  <testcase classname="testng.Day3" name="loginAPICarLoan" time="0.004"/>
  <testcase classname="testng.Day5" name="MobileiOSLoginCarLoan" time="0.0">
    <ignored/>
  </testcase> <!-- MobileiOSLoginCarLoan -->
  <testcase classname="testng.Day1" name="secondTestCase" time="0.0">
    <ignored/>
  </testcase> <!-- secondTestCase -->
  <testcase classname="testng.Day3" name="MobileLoginCarLoan" time="0.0">
    <ignored/>
  </testcase> <!-- MobileLoginCarLoan -->
  <testcase classname="testng.Day3" name="webLoginCarLoan" time="0.0">
    <ignored/>
  </testcase> <!-- webLoginCarLoan -->
  <testcase classname="testng.Day2" name="webLoginPersonalLoan" time="0.0">
    <ignored/>
  </testcase> <!-- webLoginPersonalLoan -->
  <testcase classname="testng.Day5" name="MobileAndroidLoginCarLoan" time="0.0">
    <ignored/>
  </testcase> <!-- MobileAndroidLoginCarLoan -->
  <testcase classname="testng.Day2" name="MobileLoginPersonalLoan" time="0.0">
    <ignored/>
  </testcase> <!-- MobileLoginPersonalLoan -->
  <testcase classname="testng.Day5" name="MobileloginAPICarLoan" time="0.0">
    <ignored/>
  </testcase> <!-- MobileloginAPICarLoan -->
</testsuite> <!-- Regression -->
