<?xml version="1.0" encoding="UTF-8"?>
<testng-results ignored="1" total="4" passed="3" failed="0" skipped="0">
  <reporter-output>
  </reporter-output>
  <suite started-at="2026-04-14T20:09:32 IST" name="Default suite" finished-at="2026-04-14T20:09:32 IST" duration-ms="236">
    <groups>
      <group name="smoke">
        <method signature="Day3.loginAPICarLoan()[pri:0, instance:testng.Day3@536dbea0]" name="loginAPICarLoan" class="testng.Day3"/>
      </group> <!-- smoke -->
    </groups>
    <test started-at="2026-04-14T20:09:32 IST" name="Default test" finished-at="2026-04-14T20:09:32 IST" duration-ms="236">
      <class name="testng.Day3">
        <test-method signature="MobileLoginCarLoan()[pri:0, instance:testng.Day3@536dbea0]" started-at="2026-04-14T20:09:32 IST" name="MobileLoginCarLoan" finished-at="2026-04-14T20:09:32 IST" duration-ms="16" status="PASS">
          <reporter-output>
          </reporter-output>
        </test-method> <!-- MobileLoginCarLoan -->
        <test-method signature="loginAPICarLoan()[pri:0, instance:testng.Day3@536dbea0]" started-at="2026-04-14T20:09:32 IST" name="loginAPICarLoan" finished-at="2026-04-14T20:09:32 IST" duration-ms="6" status="PASS">
          <reporter-output>
          </reporter-output>
        </test-method> <!-- loginAPICarLoan -->
        <test-method signature="webLoginCarLoan()[pri:0, instance:testng.Day3@536dbea0]" started-at="2026-04-14T20:09:32 IST" name="webLoginCarLoan" finished-at="2026-04-14T20:09:32 IST" depends-on-methods="testng.Day3.MobileLoginCarLoan" duration-ms="3" status="PASS">
          <reporter-output>
          </reporter-output>
        </test-method> <!-- webLoginCarLoan -->
      </class> <!-- testng.Day3 -->
    </test> <!-- Default test -->
  </suite> <!-- Default suite -->
</testng-results>
