<?xml version="1.0" encoding="UTF-8"?>
<!-- Generated by org.testng.reporters.JUnitReportReporter -->
<testsuite hostname="EQPL0210P13" failures="0" tests="3" name="testng.TestNG_DataProvider" time="0.017" errors="0" timestamp="2026-04-14T22:48:28 IST" skipped="0">
  <testcase classname="testng.TestNG_DataProvider" name="mobileSignoutCarLoan" time="0.011"/>
  <testcase classname="testng.TestNG_DataProvider" name="mobileSignoutCarLoan" time="0.003"/>
  <testcase classname="testng.TestNG_DataProvider" name="mobileSignoutCarLoan" time="0.003"/>
</testsuite> <!-- testng.TestNG_DataProvider -->
