<?xml version="1.0" encoding="UTF-8"?>
<!-- Generated by org.testng.reporters.JUnitReportReporter -->
<testsuite hostname="EQPL0210P13" failures="0" tests="6" name="testng.Day2" time="0.045" errors="0" timestamp="2026-04-14T22:48:28 IST" skipped="0">
  <testcase classname="testng.Day2" name="loginAPIPersonalLoan" time="0.005"/>
  <testcase classname="testng.Day2" name="webLoginPersonalLoan" time="0.003"/>
  <testcase classname="testng.Day2" name="webLoginPersonalLoan" time="0.003"/>
  <testcase classname="testng.Day2" name="MobileLoginPersonalLoan" time="0.005"/>
  <testcase classname="testng.Day2" name="loginAPIPersonalLoan" time="0.004"/>
  <testcase classname="testng.Day2" name="MobileLoginPersonalLoan" time="0.025"/>
</testsuite> <!-- testng.Day2 -->
