<?xml version="1.0" encoding="UTF-8"?>
<!-- Generated by org.testng.reporters.JUnitReportReporter -->
<testsuite hostname="EQPL0210P13" failures="0" tests="3" name="testng.Day4" time="0.010" errors="0" timestamp="2026-04-13T18:06:58 IST" skipped="0">
  <testcase classname="testng.Day4" name="MobileLoginHomeLoan" time="0.003"/>
  <testcase classname="testng.Day4" name="loginAPIHomeLoan" time="0.003"/>
  <testcase classname="testng.Day4" name="webLoginHomeLoan" time="0.004"/>
</testsuite> <!-- testng.Day4 -->
