<?xml version="1.0" encoding="UTF-8"?>
<!-- Generated by org.testng.reporters.JUnitReportReporter -->
<testsuite hostname="EQPL0210P13" failures="0" tests="3" name="testng.Day3" time="0.007" errors="0" timestamp="2026-04-14T12:47:35 IST" skipped="0">
  <testcase classname="testng.Day3" name="webLoginCarLoan" time="0.002"/>
  <testcase classname="testng.Day3" name="MobileLoginCarLoan" time="0.002"/>
  <testcase classname="testng.Day3" name="loginAPICarLoan" time="0.003"/>
</testsuite> <!-- testng.Day3 -->
