<?xml version="1.0" encoding="UTF-8"?>
<!-- Generated by org.testng.reporters.JUnitReportReporter -->
<testsuite hostname="EQPL0210P13" failures="0" tests="4" name="testng.Day3" time="0.025" errors="0" timestamp="2026-04-14T20:09:32 IST" skipped="1">
  <testcase classname="testng.Day3" name="loginAPICarLoan" time="0.006"/>
  <testcase classname="testng.Day3" name="MobileLoginCarLoan" time="0.016"/>
  <testcase classname="testng.Day3" name="webLoginCarLoan" time="0.003"/>
  <testcase classname="testng.Day3" name="tvLoginCarLoan">
    <skipped/>
  </testcase> <!-- tvLoginCarLoan -->
</testsuite> <!-- testng.Day3 -->
