<?xml version="1.0" encoding="UTF-8"?>
<!-- Generated by org.testng.reporters.JUnitReportReporter -->
<testsuite hostname="EQPL0210P13" failures="0" tests="3" name="testng.TestBG_DataProvider" time="0.010" errors="0" timestamp="2026-04-14T22:06:23 IST" skipped="0">
  <testcase classname="testng.TestBG_DataProvider" name="mobileSignoutCarLoan" time="0.003"/>
  <testcase classname="testng.TestBG_DataProvider" name="mobileSignoutCarLoan" time="0.003"/>
  <testcase classname="testng.TestBG_DataProvider" name="mobileSignoutCarLoan" time="0.004"/>
</testsuite> <!-- testng.TestBG_DataProvider -->
